<?xml version="1.0" encoding="UTF-8"?>
<!-- Generated by org.testng.reporters.JUnitReportReporter -->
<testsuite hostname="DESKTOP-CE1DOEB" failures="0" tests="1" name="p29.demo1" time="19.783" errors="0" timestamp="2022-04-20T11:58:36 IST" skipped="0">
  <testcase classname="p29.demo1" name="testA" time="19.783"/>
  <system-out/>
</testsuite> <!-- p29.demo1 -->
