<?xml version="1.0" encoding="UTF-8"?>
<!-- Generated by org.testng.reporters.JUnitReportReporter -->
<testsuite hostname="DESKTOP-CE1DOEB" failures="0" tests="1" name="xl.demo3" time="1.761" errors="0" timestamp="2022-04-20T14:08:17 IST" skipped="0">
  <testcase classname="xl.demo3" name="testA" time="1.761"/>
  <system-out/>
</testsuite> <!-- xl.demo3 -->
