<?xml version="1.0" encoding="UTF-8"?>
<!-- Generated by org.testng.reporters.JUnitReportReporter -->
<testsuite hostname="DESKTOP-CE1DOEB" failures="0" tests="1" name="xl.demo4" time="1.927" errors="0" timestamp="2022-04-20T14:36:37 IST" skipped="0">
  <testcase classname="xl.demo4" name="testA" time="1.927"/>
  <system-out/>
</testsuite> <!-- xl.demo4 -->
