<?xml version="1.0" encoding="UTF-8"?>
<!-- Generated by org.testng.reporters.JUnitReportReporter -->
<testsuite hostname="DESKTOP-CE1DOEB" failures="0" tests="1" name="Script.Test1" time="83.271" errors="0" timestamp="2022-04-22T13:38:56 IST" skipped="0">
  <testcase classname="Script.Test1" name="TestA" time="83.271"/>
  <system-out>
    <![CDATA[http://www.fb.com
Facebook â€“ log in or sign up
A1
manager]]>
  </system-out>
</testsuite> <!-- Script.Test1 -->
