<?xml version="1.0" encoding="UTF-8"?>
<!-- Generated by org.testng.reporters.JUnitReportReporter -->
<testsuite hostname="DESKTOP-CE1DOEB" failures="0" tests="1" name="p29.demo2" time="60.497" errors="0" timestamp="2022-04-20T12:04:08 IST" skipped="0">
  <testcase classname="p29.demo2" name="testA" time="60.497"/>
  <system-out/>
</testsuite> <!-- p29.demo2 -->
