<?xml version="1.0" encoding="UTF-8"?>
<!-- Generated by org.testng.reporters.JUnitReportReporter -->
<testsuite hostname="DESKTOP-CE1DOEB" failures="0" tests="1" name="xl.demo2" time="1.570" errors="0" timestamp="2022-04-22T12:14:38 IST" skipped="0">
  <testcase classname="xl.demo2" name="testA" time="1.570"/>
  <system-out/>
</testsuite> <!-- xl.demo2 -->
